<?xml version="1.0" encoding="UTF-8"?>
<!-- Generated by org.testng.reporters.JUnitReportReporter -->
<testsuite hostname="ASDP1534PO01976" name="com.qainfotech.com.Baisc_course.TestFile" tests="1" failures="0" timestamp="10 Jul 2018 10:27:40 GMT" time="3.523" errors="0">
  <testcase name="f" time="3.523" classname="com.qainfotech.com.Baisc_course.TestFile"/>
</testsuite> <!-- com.qainfotech.com.Baisc_course.TestFile -->
